<?xml version="1.0" encoding="UTF-8"?>
<!-- Generated by org.testng.reporters.JUnitReportReporter -->
<testsuite skipped="0" hostname="samikshagupta" name="com.todo.tests.Authenticate_Token" tests="4" failures="0" timestamp="10 Aug 2021 10:09:00 GMT" time="9.720" errors="0">
  <testcase name="invalid_getAccessToken2" time="0.092" classname="com.todo.tests.Authenticate_Token"/>
  <testcase name="invalid_getAccessToken" time="0.477" classname="com.todo.tests.Authenticate_Token"/>
  <testcase name="getAccessToken" time="7.465" classname="com.todo.tests.Authenticate_Token"/>
  <testcase name="invalid_getAccessToken1" time="1.686" classname="com.todo.tests.Authenticate_Token"/>
</testsuite> <!-- com.todo.tests.Authenticate_Token -->
