<?xml version="1.0" encoding="UTF-8"?>
<!-- Generated by org.testng.reporters.JUnitReportReporter -->
<testsuite skipped="0" hostname="samikshagupta" name="com.todo.tests.HelloController" tests="1" failures="0" timestamp="04 Aug 2021 04:56:47 GMT" time="0.252" errors="0">
  <testcase name="helloTest" time="0.252" classname="com.todo.tests.HelloController"/>
</testsuite> <!-- com.todo.tests.HelloController -->
